<?xml version="1.0" encoding="UTF-8"?>
<testng-results ignored="0" total="1" passed="1" failed="0" skipped="0">
  <reporter-output>
  </reporter-output>
  <suite started-at="2021-11-19T01:40:30 CST" name="Default suite" finished-at="2021-11-19T01:40:31 CST" duration-ms="550">
    <groups>
    </groups>
    <test started-at="2021-11-19T01:40:30 CST" name="Default test" finished-at="2021-11-19T01:40:31 CST" duration-ms="550">
      <class name="de.training.datenbank.MySQLVerbinden">
        <test-method signature="datenbankTesten()[pri:0, instance:de.training.datenbank.MySQLVerbinden@d9345cd]" started-at="2021-11-19T01:40:30 CST" name="datenbankTesten" finished-at="2021-11-19T01:40:31 CST" duration-ms="515" status="PASS">
          <reporter-output>
          </reporter-output>
        </test-method> <!-- datenbankTesten -->
      </class> <!-- de.training.datenbank.MySQLVerbinden -->
    </test> <!-- Default test -->
  </suite> <!-- Default suite -->
</testng-results>
